<?xml version="1.0" encoding="utf-8"?>
<TestRun id="f4fc9889-5f6f-41ca-8b31-ff82edbf2068" name="maxpu@DESKTOP-5SEIVER 2022-11-05 10:55:43" runUser="DESKTOP-5SEIVER\maxpu" xmlns="http://microsoft.com/schemas/VisualStudio/TeamTest/2010">
  <Times creation="2022-11-05T10:55:43.5040929+01:00" queuing="2022-11-05T10:55:43.5040932+01:00" start="2022-11-05T10:55:41.2499028+01:00" finish="2022-11-05T10:55:43.5551349+01:00" />
  <TestSettings name="default" id="b983d356-4922-48d7-94e2-64bcab501554">
    <Deployment runDeploymentRoot="maxpu_DESKTOP-5SEIVER_2022-11-05_10_55_43" />
  </TestSettings>
  <Results>
    <UnitTestResult executionId="f9c85462-bff1-4975-a0e0-58594e7d8682" testId="d0038a0c-3d53-4323-770b-0973e1c145a5" testName="manager: when scrapper returns limit exceeds and then success state should be success" computerName="DESKTOP-5SEIVER" duration="00:00:00.9940000" startTime="2022-11-05T10:55:42.3387185+01:00" endTime="2022-11-05T10:55:43.3486591+01:00" testType="13cdc9d9-ddb5-4fa4-a97d-d965ccfc6d4b" outcome="Failed" testListId="8c84fa94-04c1-424b-9868-57a2d4851a1d" relativeResultsDirectory="f9c85462-bff1-4975-a0e0-58594e7d8682">
      <Output>
        <ErrorInfo>
          <Message>scrap calls should be 3.
expected: 3
  actual: 1</Message>
          <StackTrace>   at Expecto.Expect.equalWithDiffPrinter@343-15.Invoke(String msg)&#xD;
   at Expecto.Expect.equalWithDiffPrinter$cont@325[a](FSharpFunc`2 diffPrinter, a actual, a expected, String message, Object e, Object a, Unit unitVar)&#xD;
   at Expecto.Expect.equalWithDiffPrinter[a](FSharpFunc`2 diffPrinter, a actual, a expected, String message)&#xD;
   at LimitExceedsContinueTests.Pipe #1 input at line 76@76.MoveNext() in c:\dev\eth\dotnet\Eth\JobManagerActorTests\LimitExceedsContinueTests.fs:line 91</StackTrace>
        </ErrorInfo>
      </Output>
    </UnitTestResult>
    <UnitTestResult executionId="a76cf8ee-4a07-401e-9df5-faca312cfe85" testId="9421b3cd-8f25-b430-65e1-6866a3847153" testName="job: when scrapper returns empty result (0 events) the job should finish" computerName="DESKTOP-5SEIVER" duration="00:00:00.8110000" startTime="2022-11-05T10:55:42.3400075+01:00" endTime="2022-11-05T10:55:43.1652610+01:00" testType="13cdc9d9-ddb5-4fa4-a97d-d965ccfc6d4b" outcome="Passed" testListId="8c84fa94-04c1-424b-9868-57a2d4851a1d" relativeResultsDirectory="a76cf8ee-4a07-401e-9df5-faca312cfe85" />
    <UnitTestResult executionId="ba6d0d81-37ea-444b-ab03-6f4fb6758705" testId="2481859c-457e-04bb-3807-6d8534c9418c" testName="job: when scrapper returns limit exceeds the job should continue" computerName="DESKTOP-5SEIVER" duration="00:00:00.8110000" startTime="2022-11-05T10:55:42.3391767+01:00" endTime="2022-11-05T10:55:43.1652599+01:00" testType="13cdc9d9-ddb5-4fa4-a97d-d965ccfc6d4b" outcome="Passed" testListId="8c84fa94-04c1-424b-9868-57a2d4851a1d" relativeResultsDirectory="ba6d0d81-37ea-444b-ab03-6f4fb6758705" />
    <UnitTestResult executionId="b21718d0-9953-436a-82a8-8da7e5fb9695" testId="2eed51f8-fc13-b91f-5ff1-88ca75c526c0" testName="manager: when scrapper returns empty result (0 events) the job should finish" computerName="DESKTOP-5SEIVER" duration="00:00:00.9940000" startTime="2022-11-05T10:55:42.3399188+01:00" endTime="2022-11-05T10:55:43.3486588+01:00" testType="13cdc9d9-ddb5-4fa4-a97d-d965ccfc6d4b" outcome="Failed" testListId="8c84fa94-04c1-424b-9868-57a2d4851a1d" relativeResultsDirectory="b21718d0-9953-436a-82a8-8da7e5fb9695">
      <Output>
        <ErrorInfo>
          <Message>job mananger state is not expected.
expected:
Some { Status = Success
       Jobs = map [(JobId "1_s0", Ok { Status = Finish
                                       Request = { EthProviderUrl = "test"
                                                   ContractAddress = ""
                                                   Abi = ""
                                                   BlockRange = { From = 0u
                                                                  To = 1000u } }
                                       Date = 1667642142L
                                       FinishDate = Some 1667642142L
                                       ItemsPerBlock = []
                                       Target = { ToLatest = true
                                                  Range = { From = 0u
                                                            To = 1000u } }
                                       ParentId = Some (JobManagerId "1") })]
       LatestUpdateDate = Some 1667642142L
       AvailableJobsCount = 1u }
  actual:
Some { Status = Initial
       Jobs = map []
       LatestUpdateDate = None
       AvailableJobsCount = 1u }</Message>
          <StackTrace>   at Expecto.Expect.equalWithDiffPrinter@343-15.Invoke(String msg)&#xD;
   at Expecto.Expect.equalWithDiffPrinter$cont@325[a](FSharpFunc`2 diffPrinter, a actual, a expected, String message, Object e, Object a, Unit unitVar)&#xD;
   at Expecto.Expect.equal[a](a actual, a expected, String message)&#xD;
   at EmptyResultFinishTests.Pipe #1 input at line 52@52.MoveNext() in c:\dev\eth\dotnet\Eth\JobManagerActorTests\EmptyResultFinishTests.fs:line 68</StackTrace>
        </ErrorInfo>
      </Output>
    </UnitTestResult>
  </Results>
  <TestDefinitions>
    <UnitTest name="manager: when scrapper returns limit exceeds and then success state should be success" storage="c:\dev\eth\dotnet\eth\jobmanageractortests\bin\debug\net6.0\jobmanageractortests.dll" id="d0038a0c-3d53-4323-770b-0973e1c145a5">
      <Execution id="f9c85462-bff1-4975-a0e0-58594e7d8682" />
      <TestMethod codeBase="c:\dev\eth\dotnet\Eth\JobManagerActorTests\bin\Debug\net6.0\JobManagerActorTests.dll" adapterTypeName="executor://yolodev/expecto" className="JobManagerActorTests" name="manager: when scrapper returns limit exceeds and then success state should be success" />
    </UnitTest>
    <UnitTest name="manager: when scrapper returns empty result (0 events) the job should finish" storage="c:\dev\eth\dotnet\eth\jobmanageractortests\bin\debug\net6.0\jobmanageractortests.dll" id="2eed51f8-fc13-b91f-5ff1-88ca75c526c0">
      <Execution id="b21718d0-9953-436a-82a8-8da7e5fb9695" />
      <TestMethod codeBase="c:\dev\eth\dotnet\Eth\JobManagerActorTests\bin\Debug\net6.0\JobManagerActorTests.dll" adapterTypeName="executor://yolodev/expecto" className="JobManagerActorTests" name="manager: when scrapper returns empty result (0 events) the job should finish" />
    </UnitTest>
    <UnitTest name="job: when scrapper returns empty result (0 events) the job should finish" storage="c:\dev\eth\dotnet\eth\jobmanageractortests\bin\debug\net6.0\jobmanageractortests.dll" id="9421b3cd-8f25-b430-65e1-6866a3847153">
      <Execution id="a76cf8ee-4a07-401e-9df5-faca312cfe85" />
      <TestMethod codeBase="c:\dev\eth\dotnet\Eth\JobManagerActorTests\bin\Debug\net6.0\JobManagerActorTests.dll" adapterTypeName="executor://yolodev/expecto" className="JobManagerActorTests" name="job: when scrapper returns empty result (0 events) the job should finish" />
    </UnitTest>
    <UnitTest name="job: when scrapper returns limit exceeds the job should continue" storage="c:\dev\eth\dotnet\eth\jobmanageractortests\bin\debug\net6.0\jobmanageractortests.dll" id="2481859c-457e-04bb-3807-6d8534c9418c">
      <Execution id="ba6d0d81-37ea-444b-ab03-6f4fb6758705" />
      <TestMethod codeBase="c:\dev\eth\dotnet\Eth\JobManagerActorTests\bin\Debug\net6.0\JobManagerActorTests.dll" adapterTypeName="executor://yolodev/expecto" className="JobManagerActorTests" name="job: when scrapper returns limit exceeds the job should continue" />
    </UnitTest>
  </TestDefinitions>
  <TestEntries>
    <TestEntry testId="d0038a0c-3d53-4323-770b-0973e1c145a5" executionId="f9c85462-bff1-4975-a0e0-58594e7d8682" testListId="8c84fa94-04c1-424b-9868-57a2d4851a1d" />
    <TestEntry testId="9421b3cd-8f25-b430-65e1-6866a3847153" executionId="a76cf8ee-4a07-401e-9df5-faca312cfe85" testListId="8c84fa94-04c1-424b-9868-57a2d4851a1d" />
    <TestEntry testId="2481859c-457e-04bb-3807-6d8534c9418c" executionId="ba6d0d81-37ea-444b-ab03-6f4fb6758705" testListId="8c84fa94-04c1-424b-9868-57a2d4851a1d" />
    <TestEntry testId="2eed51f8-fc13-b91f-5ff1-88ca75c526c0" executionId="b21718d0-9953-436a-82a8-8da7e5fb9695" testListId="8c84fa94-04c1-424b-9868-57a2d4851a1d" />
  </TestEntries>
  <TestLists>
    <TestList name="Results Not in a List" id="8c84fa94-04c1-424b-9868-57a2d4851a1d" />
    <TestList name="All Loaded Results" id="19431567-8539-422a-85d7-44ee4e166bda" />
  </TestLists>
  <ResultSummary outcome="Failed">
    <Counters total="4" executed="4" passed="2" failed="2" error="0" timeout="0" aborted="0" inconclusive="0" passedButRunAborted="0" notRunnable="0" notExecuted="0" disconnected="0" warning="0" completed="0" inProgress="0" pending="0" />
  </ResultSummary>
</TestRun>